Arguments: 
  /usr/local/Cellar/node/9.7.1_1/bin/node /usr/local/Cellar/yarn/1.5.1_1/libexec/bin/yarn.js add shortId

PATH: 
  /Users/admin/.rvm/gems/ruby-2.3.1/bin:/Users/admin/.rvm/gems/ruby-2.3.1@global/bin:/Users/admin/.rvm/rubies/ruby-2.3.1/bin:/Users/admin/.pyenv/shims:/Users/admin/.pyenv/bin:/usr/local/heroku/bin:/Applications/Postgres93.app/Contents/MacOS/bin:/usr/local/bin:/usr/bin:/bin:/usr/sbin:/sbin:/Users/admin/anaconda/bin:/usr/local/go/bin:/Development/android-sdk-macosx/platform-tools:/Development/android-sdk-macosx/tools:/Users/admin/.rvm/bin

Yarn version: 
  1.5.1

Node version: 
  9.7.1

Platform: 
  darwin x64

npm manifest: 
  {
    "name": "react-redux-router",
    "version": "1.0.0",
    "description": "Basic skeleton codebase for React/Redux/Router applications.",
    "scripts": {
      "postinstall": "cp env.example.js env.js",
      "start": "webpack-dev-server --config webpack/dev.config.js --watch",
      "build": "cross-env NODE_ENV=production webpack --config webpack/prod.config.js --progress --display-error-details --color",
      "heroku-postbuild": "npm run build",
      "precommit": "eslint src",
      "prod": "NODE_ENV=production node server.js"
    },
    "repository": {
      "type": "git",
      "url": "git@github.com:bottega-code-school/js-builder.git"
    },
    "keywords": [
      "es6",
      "es7",
      "webpack2",
      "webpack3",
      "starter",
      "template",
      "postcss",
      "sass",
      "css module"
    ],
    "author": "Your Name Here",
    "license": "MIT",
    "bugs": {
      "url": "https://github.com/bottega-code-school/js-builder/issues"
    },
    "homepage": "https://github.com/bottega-code-school/js-builder",
    "dependencies": {
      "ajv": "^5.5.2",
      "autoprefixer": "^9.1.0",
      "babel-cli": "^6.26.0",
      "babel-core": "^6.26.3",
      "babel-eslint": "^7.2.3",
      "babel-loader": "^7.1.5",
      "babel-plugin-async-to-promises": "^1.0.5",
      "babel-plugin-transform-es2015-arrow-functions": "^6.22.0",
      "babel-plugin-transform-runtime": "^6.23.0",
      "babel-polyfill": "^6.26.0",
      "babel-preset-env": "^1.7.0",
      "bootstrap": "^4.0.0-alpha.5",
      "clean-webpack-plugin": "^0.1.16",
      "copy-webpack-plugin": "^4.5.2",
      "cross-env": "^5.2.0",
      "css-loader": "^1.0.0",
      "eslint": "^4.2.0",
      "eslint-loader": "^1.9.0",
      "eslint-plugin-react": "^7.1.0",
      "express": "^4.16.3",
      "extract-loader": "^2.0.1",
      "file-loader": "^1.1.11",
      "html-loader": "^0.5.5",
      "html-webpack-plugin": "^3.2.0",
      "jquery": "^3.3.1",
      "node-sass": "^4.9.2",
      "popper.js": "^1.14.4",
      "postcss-loader": "^2.1.6",
      "react": "^16.4.2",
      "react-dom": "^16.4.2",
      "react-redux": "5.0.6",
      "react-router": "^4.2.0",
      "react-router-dom": "^4.3.1",
      "redux": "^3.7.2",
      "sass-loader": "^7.1.0",
      "style-loader": "^0.21.0",
      "webpack-cli": "^3.1.0",
      "webpack-dev-middleware": "^3.1.3",
      "webpack-dev-server": "^3.1.5",
      "webpack-hot-middleware": "^2.22.3",
      "webpack-merge": "^4.1.0"
    },
    "devDependencies": {
      "babel-preset-react": "^6.24.1",
      "babel-register": "^6.26.0",
      "extract-text-webpack-plugin": "^4.0.0-beta.0",
      "uglifyjs-webpack-plugin": "^1.2.7",
      "webpack": "^4.16.4"
    }
  }

yarn manifest: 
  No manifest

Lockfile: 
  No lockfile

Trace: 
  Error: http://registry.npmjs.org/shortId: Not found
      at Request.params.callback [as _callback] (/usr/local/Cellar/yarn/1.5.1_1/libexec/lib/cli.js:65019:18)
      at Request.self.callback (/usr/local/Cellar/yarn/1.5.1_1/libexec/lib/cli.js:132430:22)
      at Request.emit (events.js:127:13)
      at Request.<anonymous> (/usr/local/Cellar/yarn/1.5.1_1/libexec/lib/cli.js:133413:10)
      at Request.emit (events.js:127:13)
      at IncomingMessage.<anonymous> (/usr/local/Cellar/yarn/1.5.1_1/libexec/lib/cli.js:133333:12)
      at Object.onceWrapper (events.js:219:13)
      at IncomingMessage.emit (events.js:132:15)
      at endReadableNT (_stream_readable.js:1101:12)
      at process._tickCallback (internal/process/next_tick.js:114:19)
